<?xml version="1.0" encoding="UTF-8"?>
<testsuite xmlns:xsi="http://www.w3.org/2001/XMLSchema-instance" xsi:schemaLocation="https://maven.apache.org/surefire/maven-surefire-plugin/xsd/surefire-test-report.xsd" name="TestSuite" time="1.496" tests="4" errors="0" skipped="3" failures="1">
  <properties>
    <property name="java.runtime.name" value="Java(TM) SE Runtime Environment"/>
    <property name="java.vm.version" value="17.0.6+9-LTS-190"/>
    <property name="sun.boot.library.path" value="C:\Program Files\Java\jdk-17\bin"/>
    <property name="maven.multiModuleProjectDirectory" value="C:\Users\gloif\eclipse-workspace\Inventsuite"/>
    <property name="java.vm.vendor" value="Oracle Corporation"/>
    <property name="java.vendor.url" value="https://java.oracle.com/"/>
    <property name="guice.disable.misplaced.annotation.check" value="true"/>
    <property name="path.separator" value=";"/>
    <property name="java.vm.name" value="Java HotSpot(TM) 64-Bit Server VM"/>
    <property name="sun.os.patch.level" value=""/>
    <property name="user.script" value=""/>
    <property name="user.country" value="IN"/>
    <property name="sun.java.launcher" value="SUN_STANDARD"/>
    <property name="java.vm.specification.name" value="Java Virtual Machine Specification"/>
    <property name="user.dir" value="C:\Users\gloif\eclipse-workspace\Inventsuite"/>
    <property name="java.vm.compressedOopsMode" value="32-bit"/>
    <property name="java.runtime.version" value="17.0.6+9-LTS-190"/>
    <property name="os.arch" value="amd64"/>
    <property name="java.io.tmpdir" value="C:\WINDOWS\TEMP\"/>
    <property name="line.separator" value="&#10;"/>
    <property name="java.vm.specification.vendor" value="Oracle Corporation"/>
    <property name="user.variant" value=""/>
    <property name="os.name" value="Windows 11"/>
    <property name="classworlds.conf" value="C:\Users\gloif\Downloads\apache-maven-3.9.0-bin\apache-maven-3.9.0\bin\m2.conf"/>
    <property name="sun.jnu.encoding" value="Cp1252"/>
    <property name="java.library.path" value="C:\Program Files\Java\jdk-17\bin;C:\WINDOWS\Sun\Java\bin;C:\WINDOWS\system32;C:\WINDOWS;C:\Program Files\Common Files\Oracle\Java\javapath;C:\WINDOWS\system32;C:\WINDOWS;C:\WINDOWS\System32\Wbem;C:\WINDOWS\System32\WindowsPowerShell\v1.0\;C:\WINDOWS\System32\OpenSSH\;C:\Program Files\Java\jdk-18.0.1\bin;C:\Program Files\MySQL\MySQL Server 8.0\bin;C:\Users\gloif\AppData\Roaming\Microsoft\Windows\Start Menu\Programs\Python 3.11;C:\Program Files\Git\cmd;C:\Users\gloif\Downloads\apache-maven-3.9.0-bin\apache-maven-3.9.0\bin;C:\Users\gloif\Downloads\apache-maven-3.9.0-bin\apache-maven-3.9.0\;C:\Users\gloif\Downloads\apache-maven-3.9.0-bin\apache-maven-3.9.0\\bin;C:\WINDOWS\system32\config\systemprofile\AppData\Local\Microsoft\WindowsApps;."/>
    <property name="maven.conf" value="C:\Users\gloif\Downloads\apache-maven-3.9.0-bin\apache-maven-3.9.0/conf"/>
    <property name="jdk.debug" value="release"/>
    <property name="java.class.version" value="61.0"/>
    <property name="java.specification.name" value="Java Platform API Specification"/>
    <property name="sun.management.compiler" value="HotSpot 64-Bit Tiered Compilers"/>
    <property name="os.version" value="10.0"/>
    <property name="library.jansi.path" value="C:\Users\gloif\Downloads\apache-maven-3.9.0-bin\apache-maven-3.9.0\lib\jansi-native"/>
    <property name="user.home" value="C:\WINDOWS\system32\config\systemprofile"/>
    <property name="user.timezone" value="Asia/Calcutta"/>
    <property name="file.encoding" value="Cp1252"/>
    <property name="java.specification.version" value="17"/>
    <property name="user.name" value="GLOIFY-TECH$"/>
    <property name="java.class.path" value="C:\Users\gloif\Downloads\apache-maven-3.9.0-bin\apache-maven-3.9.0\boot\plexus-classworlds-2.6.0.jar"/>
    <property name="java.vm.specification.version" value="17"/>
    <property name="sun.arch.data.model" value="64"/>
    <property name="sun.java.command" value="org.codehaus.plexus.classworlds.launcher.Launcher clean install"/>
    <property name="java.home" value="C:\Program Files\Java\jdk-17"/>
    <property name="user.language" value="en"/>
    <property name="java.specification.vendor" value="Oracle Corporation"/>
    <property name="java.vm.info" value="mixed mode, sharing"/>
    <property name="java.version" value="17.0.6"/>
    <property name="native.encoding" value="Cp1252"/>
    <property name="java.vendor" value="Oracle Corporation"/>
    <property name="maven.home" value="C:\Users\gloif\Downloads\apache-maven-3.9.0-bin\apache-maven-3.9.0"/>
    <property name="file.separator" value="\"/>
    <property name="java.version.date" value="2023-01-17"/>
    <property name="java.vendor.url.bug" value="https://bugreport.java.com/bugreport/"/>
    <property name="sun.io.unicode.encoding" value="UnicodeLittle"/>
    <property name="sun.cpu.endian" value="little"/>
    <property name="sun.cpu.isalist" value="amd64"/>
  </properties>
  <testcase name="openBrowser" classname="com.inventsuite.testscript.logintestcase01" time="1.265">
    <failure message="unknown error: cannot find Chrome binary&#10;Build info: version: &apos;3.141.59&apos;, revision: &apos;e82be7d358&apos;, time: &apos;2018-11-14T08:17:03&apos;&#10;System info: host: &apos;GLOIFY-TECH&apos;, ip: &apos;192.168.0.181&apos;, os.name: &apos;Windows 11&apos;, os.arch: &apos;amd64&apos;, os.version: &apos;10.0&apos;, java.version: &apos;17.0.6&apos;&#10;Driver info: driver.version: ChromeDriver&#10;remote stacktrace: Backtrace:&#10;	(No symbol) [0x0106DCE3]&#10;	(No symbol) [0x010039D1]&#10;	(No symbol) [0x00F14DA8]&#10;	(No symbol) [0x00F3034B]&#10;	(No symbol) [0x00F2ED19]&#10;	(No symbol) [0x00F615AE]&#10;	(No symbol) [0x00F6129C]&#10;	(No symbol) [0x00F5ACC6]&#10;	(No symbol) [0x00F36F68]&#10;	(No symbol) [0x00F380CD]&#10;	GetHandleVerifier [0x012E3832+2506274]&#10;	GetHandleVerifier [0x01319794+2727300]&#10;	GetHandleVerifier [0x0131E36C+2746716]&#10;	GetHandleVerifier [0x01116690+617600]&#10;	(No symbol) [0x0100C712]&#10;	(No symbol) [0x01011FF8]&#10;	(No symbol) [0x010120DB]&#10;	(No symbol) [0x0101C63B]&#10;	BaseThreadInitThunk [0x75317D69+25]&#10;	RtlInitializeExceptionChain [0x7702B74B+107]&#10;	RtlClearBits [0x7702B6CF+191]&#10;" type="org.openqa.selenium.WebDriverException">org.openqa.selenium.WebDriverException: 
unknown error: cannot find Chrome binary
Build info: version: '3.141.59', revision: 'e82be7d358', time: '2018-11-14T08:17:03'
System info: host: 'GLOIFY-TECH', ip: '192.168.0.181', os.name: 'Windows 11', os.arch: 'amd64', os.version: '10.0', java.version: '17.0.6'
Driver info: driver.version: ChromeDriver
remote stacktrace: Backtrace:
	(No symbol) [0x0106DCE3]
	(No symbol) [0x010039D1]
	(No symbol) [0x00F14DA8]
	(No symbol) [0x00F3034B]
	(No symbol) [0x00F2ED19]
	(No symbol) [0x00F615AE]
	(No symbol) [0x00F6129C]
	(No symbol) [0x00F5ACC6]
	(No symbol) [0x00F36F68]
	(No symbol) [0x00F380CD]
	GetHandleVerifier [0x012E3832+2506274]
	GetHandleVerifier [0x01319794+2727300]
	GetHandleVerifier [0x0131E36C+2746716]
	GetHandleVerifier [0x01116690+617600]
	(No symbol) [0x0100C712]
	(No symbol) [0x01011FF8]
	(No symbol) [0x010120DB]
	(No symbol) [0x0101C63B]
	BaseThreadInitThunk [0x75317D69+25]
	RtlInitializeExceptionChain [0x7702B74B+107]
	RtlClearBits [0x7702B6CF+191]

</failure>
    <system-err><![CDATA[Starting ChromeDriver 111.0.5563.64 (c710e93d5b63b7095afe8c2c17df34408078439d-refs/branch-heads/5563@{#995}) on port 44214
Only local connections are allowed.
Please see https://chromedriver.chromium.org/security-considerations for suggestions on keeping ChromeDriver safe.
ChromeDriver was started successfully.
]]></system-err>
  </testcase>
  <testcase name="login" classname="com.inventsuite.testscript.logintestcase01" time="0">
    <skipped/>
  </testcase>
  <testcase name="testlogin" classname="com.inventsuite.testscript.logintestcase01" time="0">
    <skipped message="unknown error: cannot find Chrome binary&#10;Build info: version: &apos;3.141.59&apos;, revision: &apos;e82be7d358&apos;, time: &apos;2018-11-14T08:17:03&apos;&#10;System info: host: &apos;GLOIFY-TECH&apos;, ip: &apos;192.168.0.181&apos;, os.name: &apos;Windows 11&apos;, os.arch: &apos;amd64&apos;, os.version: &apos;10.0&apos;, java.version: &apos;17.0.6&apos;&#10;Driver info: driver.version: ChromeDriver&#10;remote stacktrace: Backtrace:&#10;	(No symbol) [0x0106DCE3]&#10;	(No symbol) [0x010039D1]&#10;	(No symbol) [0x00F14DA8]&#10;	(No symbol) [0x00F3034B]&#10;	(No symbol) [0x00F2ED19]&#10;	(No symbol) [0x00F615AE]&#10;	(No symbol) [0x00F6129C]&#10;	(No symbol) [0x00F5ACC6]&#10;	(No symbol) [0x00F36F68]&#10;	(No symbol) [0x00F380CD]&#10;	GetHandleVerifier [0x012E3832+2506274]&#10;	GetHandleVerifier [0x01319794+2727300]&#10;	GetHandleVerifier [0x0131E36C+2746716]&#10;	GetHandleVerifier [0x01116690+617600]&#10;	(No symbol) [0x0100C712]&#10;	(No symbol) [0x01011FF8]&#10;	(No symbol) [0x010120DB]&#10;	(No symbol) [0x0101C63B]&#10;	BaseThreadInitThunk [0x75317D69+25]&#10;	RtlInitializeExceptionChain [0x7702B74B+107]&#10;	RtlClearBits [0x7702B6CF+191]&#10;"/>
  </testcase>
  <testcase name="closeBrowser" classname="com.inventsuite.testscript.logintestcase01" time="0">
    <skipped/>
  </testcase>
</testsuite>