<?xml version="1.0" encoding="UTF-8"?>
<!-- Generated by org.testng.reporters.JUnitXMLReporter -->
<testsuite ignored="0" hostname="Gloify-Tech" failures="0" tests="1" name="Inventsuite" time="0.776" errors="0" timestamp="2023-03-27T11:30:57 IST">
  <testcase classname="com.inventsuite.generics.baseclass" name="@BeforeClass openBrowser" time="0.738">
    <failure type="org.openqa.selenium.WebDriverException" message="unknown error: cannot find Chrome binary
Build info: version: &amp;apos;3.141.59&amp;apos;, revision: &amp;apos;e82be7d358&amp;apos;, time: &amp;apos;2018-11-14T08:17:03&amp;apos;
System info: host: &amp;apos;GLOIFY-TECH&amp;apos;, ip: &amp;apos;192.168.1.51&amp;apos;, os.name: &amp;apos;Windows 11&amp;apos;, os.arch: &amp;apos;amd64&amp;apos;, os.version: &amp;apos;10.0&amp;apos;, java.version: &amp;apos;17.0.6&amp;apos;
Driver info: driver.version: ChromeDriver
remote stacktrace: Backtrace:
	(No symbol) [0x0106DCE3]
	(No symbol) [0x010039D1]
	(No symbol) [0x00F14DA8]
	(No symbol) [0x00F3034B]
	(No symbol) [0x00F2ED19]
	(No symbol) [0x00F615AE]
	(No symbol) [0x00F6129C]
	(No symbol) [0x00F5ACC6]
	(No symbol) [0x00F36F68]
	(No symbol) [0x00F380CD]
	GetHandleVerifier [0x012E3832+2506274]
	GetHandleVerifier [0x01319794+2727300]
	GetHandleVerifier [0x0131E36C+2746716]
	GetHandleVerifier [0x01116690+617600]
	(No symbol) [0x0100C712]
	(No symbol) [0x01011FF8]
	(No symbol) [0x010120DB]
	(No symbol) [0x0101C63B]
	BaseThreadInitThunk [0x75317D69+25]
	RtlInitializeExceptionChain [0x7702B74B+107]
	RtlClearBits [0x7702B6CF+191]
">
      <![CDATA[org.openqa.selenium.WebDriverException: unknown error: cannot find Chrome binary
Build info: version: '3.141.59', revision: 'e82be7d358', time: '2018-11-14T08:17:03'
System info: host: 'GLOIFY-TECH', ip: '192.168.1.51', os.name: 'Windows 11', os.arch: 'amd64', os.version: '10.0', java.version: '17.0.6'
Driver info: driver.version: ChromeDriver
remote stacktrace: Backtrace:
(No symbol) [0x0106DCE3]
(No symbol) [0x010039D1]
(No symbol) [0x00F14DA8]
(No symbol) [0x00F3034B]
(No symbol) [0x00F2ED19]
(No symbol) [0x00F615AE]
(No symbol) [0x00F6129C]
(No symbol) [0x00F5ACC6]
(No symbol) [0x00F36F68]
(No symbol) [0x00F380CD]
GetHandleVerifier [0x012E3832+2506274]
GetHandleVerifier [0x01319794+2727300]
GetHandleVerifier [0x0131E36C+2746716]
GetHandleVerifier [0x01116690+617600]
(No symbol) [0x0100C712]
(No symbol) [0x01011FF8]
(No symbol) [0x010120DB]
(No symbol) [0x0101C63B]
BaseThreadInitThunk [0x75317D69+25]
RtlInitializeExceptionChain [0x7702B74B+107]
RtlClearBits [0x7702B6CF+191]

at org.openqa.selenium.remote.W3CHandshakeResponse.lambda$errorHandler$0(W3CHandshakeResponse.java:62)
at org.openqa.selenium.remote.HandshakeResponse.lambda$getResponseFunction$0(HandshakeResponse.java:30)
at org.openqa.selenium.remote.ProtocolHandshake.lambda$createSession$0(ProtocolHandshake.java:126)
at java.base/java.util.stream.ReferencePipeline$3$1.accept(ReferencePipeline.java:197)
at java.base/java.util.Spliterators$ArraySpliterator.tryAdvance(Spliterators.java:1002)
at java.base/java.util.stream.ReferencePipeline.forEachWithCancel(ReferencePipeline.java:129)
at java.base/java.util.stream.AbstractPipeline.copyIntoWithCancel(AbstractPipeline.java:527)
at java.base/java.util.stream.AbstractPipeline.copyInto(AbstractPipeline.java:513)
at java.base/java.util.stream.AbstractPipeline.wrapAndCopyInto(AbstractPipeline.java:499)
at java.base/java.util.stream.FindOps$FindOp.evaluateSequential(FindOps.java:150)
at java.base/java.util.stream.AbstractPipeline.evaluate(AbstractPipeline.java:234)
at java.base/java.util.stream.ReferencePipeline.findFirst(ReferencePipeline.java:647)
at org.openqa.selenium.remote.ProtocolHandshake.createSession(ProtocolHandshake.java:128)
at org.openqa.selenium.remote.ProtocolHandshake.createSession(ProtocolHandshake.java:74)
at org.openqa.selenium.remote.HttpCommandExecutor.execute(HttpCommandExecutor.java:136)
at org.openqa.selenium.remote.service.DriverCommandExecutor.execute(DriverCommandExecutor.java:83)
at org.openqa.selenium.remote.RemoteWebDriver.execute(RemoteWebDriver.java:552)
at org.openqa.selenium.remote.RemoteWebDriver.startSession(RemoteWebDriver.java:213)
at org.openqa.selenium.remote.RemoteWebDriver.<init>(RemoteWebDriver.java:131)
at org.openqa.selenium.chrome.ChromeDriver.<init>(ChromeDriver.java:181)
at org.openqa.selenium.chrome.ChromeDriver.<init>(ChromeDriver.java:168)
at org.openqa.selenium.chrome.ChromeDriver.<init>(ChromeDriver.java:123)
at com.inventsuite.generics.baseclass.openBrowser(baseclass.java:44)
at java.base/java.util.ArrayList.forEach(ArrayList.java:1511)
... Removed 33 stack frames]]>
    </failure>
  </testcase> <!-- @BeforeClass openBrowser -->
  <testcase classname="com.inventsuite.generics.baseclass" name="@BeforeMethod login" time="-1.679896857086E9">
    <skipped/>
  </testcase> <!-- @BeforeMethod login -->
  <testcase classname="com.inventsuite.generics.baseclass" name="@AfterClass closeBrowser" time="-1.679896857092E9">
    <skipped/>
  </testcase> <!-- @AfterClass closeBrowser -->
  <testcase classname="com.inventsuite.testscript.logintestcase01" name="testlogin" time="0.0">
    <skipped/>
  </testcase> <!-- testlogin -->
</testsuite> <!-- Inventsuite -->
